<?xml version="1.0" encoding="UTF-8"?>
<!-- Generated by org.testng.reporters.JUnitReportReporter -->
<testsuite hostname="ucreate-65-PC" failures="0" tests="13" name="Maven.Dashboard" time="0.001" errors="0" timestamp="30 May 2019 06:15:53 GMT" skipped="13">
  <testcase classname="Maven.Dashboard" name="jobaschedulelink" time="0.000">
    <skipped/>
  </testcase> <!-- jobaschedulelink -->
  <testcase classname="Maven.Dashboard" name="Jobstoreview" time="0.000">
    <skipped/>
  </testcase> <!-- Jobstoreview -->
  <testcase classname="Maven.Dashboard" name="jobstoreviewlink" time="0.001">
    <skipped/>
  </testcase> <!-- jobstoreviewlink -->
  <testcase classname="Maven.Dashboard" name="Drivermanagementlink" time="0.000">
    <skipped/>
  </testcase> <!-- Drivermanagementlink -->
  <testcase classname="Maven.Dashboard" name="NOtificationicon" time="0.000">
    <skipped/>
  </testcase> <!-- NOtificationicon -->
  <testcase classname="Maven.Dashboard" name="profilelinkicon" time="0.000">
    <skipped/>
  </testcase> <!-- profilelinkicon -->
  <testcase classname="Maven.Dashboard" name="Profilelinkname" time="0.000">
    <skipped/>
  </testcase> <!-- Profilelinkname -->
  <testcase classname="Maven.Dashboard" name="Profilelinktext" time="0.000">
    <skipped/>
  </testcase> <!-- Profilelinktext -->
  <testcase classname="Maven.Dashboard" name="Settingstext" time="0.000">
    <skipped/>
  </testcase> <!-- Settingstext -->
  <testcase classname="Maven.Dashboard" name="OnTimeCount" time="0.000">
    <skipped/>
  </testcase> <!-- OnTimeCount -->
  <testcase classname="Maven.Dashboard" name="WaitingToStartCount" time="0.000">
    <skipped/>
  </testcase> <!-- WaitingToStartCount -->
  <testcase classname="Maven.Dashboard" name="NotYetAllocatedCount" time="0.000">
    <skipped/>
  </testcase> <!-- NotYetAllocatedCount -->
  <testcase classname="Maven.Dashboard" name="RunningLateCount" time="0.000">
    <skipped/>
  </testcase> <!-- RunningLateCount -->
</testsuite> <!-- Maven.Dashboard -->
