<?xml version="1.0" encoding="UTF-8"?>
<!-- Generated by org.testng.reporters.JUnitReportReporter -->
<testsuite hostname="ucreate-65-PC" failures="0" tests="6" name="Maven.Login" time="6.254" errors="0" timestamp="21 May 2019 12:43:00 GMT">
  <testcase classname="Maven.Login" name="testwithvaliddetails" time="3.203"/>
  <testcase classname="Maven.Login" name="testwithinvalidpassword" time="0.552"/>
  <testcase classname="Maven.Login" name="testwithvalidpassword" time="0.152"/>
  <testcase classname="Maven.Login" name="testwithinvaliddetails" time="1.645"/>
  <testcase classname="Maven.Login" name="testwithvalidemail" time="0.191"/>
  <testcase classname="Maven.Login" name="testwithinvalidemail" time="0.511"/>
</testsuite> <!-- Maven.Login -->
