<?xml version="1.0" encoding="UTF-8"?>
<!-- Generated by org.testng.reporters.JUnitReportReporter -->
<testsuite hostname="ucreate-65-PC" failures="0" tests="1" name="extentreport.Extentreport" time="0.696" errors="0" timestamp="21 May 2019 12:39:25 GMT">
  <testcase classname="extentreport.Extentreport" name="logintest" time="0.696"/>
</testsuite> <!-- extentreport.Extentreport -->
