<?xml version="1.0" encoding="UTF-8"?>
<!-- Generated by org.testng.reporters.JUnitReportReporter -->
<testsuite hostname="ucreate-65-PC" failures="0" tests="3" name="Maven.Rateupdate" time="16.052" errors="0" timestamp="11 Jun 2019 11:56:16 GMT" skipped="0">
  <testcase classname="Maven.Rateupdate" name="blankLTDrate" time="3.617"/>
  <testcase classname="Maven.Rateupdate" name="blank1LTDrate" time="4.528"/>
  <testcase classname="Maven.Rateupdate" name="blank11LTDrate" time="7.907"/>
</testsuite> <!-- Maven.Rateupdate -->
