<?xml version="1.0" encoding="UTF-8"?>
<!-- Generated by org.testng.reporters.JUnitReportReporter -->
<testsuite hostname="ucreate-65-PC" failures="0" tests="1" name="Maven.Forgotpassword" time="38.297" errors="0" timestamp="20 May 2019 12:26:26 GMT">
  <testcase classname="Maven.Forgotpassword" name="testwithvalidpassword" time="38.297"/>
</testsuite> <!-- Maven.Forgotpassword -->
