<?xml version="1.0" encoding="UTF-8"?>
<!-- Generated by org.testng.reporters.JUnitReportReporter -->
<testsuite hostname="ucreate-65-PC" failures="0" tests="8" name="Maven.Forgotpassword" time="0.000" errors="0" timestamp="30 May 2019 06:15:53 GMT" skipped="8">
  <testcase classname="Maven.Forgotpassword" name="testwithblankemail" time="0.000">
    <skipped/>
  </testcase> <!-- testwithblankemail -->
  <testcase classname="Maven.Forgotpassword" name="testwithvalidemail" time="0.000">
    <skipped/>
  </testcase> <!-- testwithvalidemail -->
  <testcase classname="Maven.Forgotpassword" name="testredirectforgot" time="0.000">
    <skipped/>
  </testcase> <!-- testredirectforgot -->
  <testcase classname="Maven.Forgotpassword" name="testwithunmatchedformatpassword" time="0.000">
    <skipped/>
  </testcase> <!-- testwithunmatchedformatpassword -->
  <testcase classname="Maven.Forgotpassword" name="testwithdifferentpassword" time="0.000">
    <skipped/>
  </testcase> <!-- testwithdifferentpassword -->
  <testcase classname="Maven.Forgotpassword" name="testwithblankpassword" time="0.000">
    <skipped/>
  </testcase> <!-- testwithblankpassword -->
  <testcase classname="Maven.Forgotpassword" name="testwithvalidpassword" time="0.000">
    <skipped/>
  </testcase> <!-- testwithvalidpassword -->
  <testcase classname="Maven.Forgotpassword" name="testwithinvalidemail" time="0.000">
    <skipped/>
  </testcase> <!-- testwithinvalidemail -->
</testsuite> <!-- Maven.Forgotpassword -->
