<?xml version="1.0" encoding="UTF-8"?>
<!-- Generated by org.testng.reporters.JUnitReportReporter -->
<testsuite hostname="ucreate-65-PC" failures="0" tests="8" name="Maven.Forgotpassword" time="140.404" errors="0" timestamp="28 May 2019 12:17:31 GMT" skipped="0">
  <testcase classname="Maven.Forgotpassword" name="testwithvalidemail" time="11.043"/>
  <testcase classname="Maven.Forgotpassword" name="testwithblankpassword" time="27.119"/>
  <testcase classname="Maven.Forgotpassword" name="testwithvalidpassword" time="22.908"/>
  <testcase classname="Maven.Forgotpassword" name="testwithblankemail" time="10.220"/>
  <testcase classname="Maven.Forgotpassword" name="testredirectforgot" time="9.381"/>
  <testcase classname="Maven.Forgotpassword" name="testwithunmatchedformatpassword" time="25.157"/>
  <testcase classname="Maven.Forgotpassword" name="testwithdifferentpassword" time="24.343"/>
  <testcase classname="Maven.Forgotpassword" name="testwithinvalidemail" time="10.233"/>
</testsuite> <!-- Maven.Forgotpassword -->
