<?xml version="1.0" encoding="UTF-8"?>
<!-- Generated by org.testng.reporters.JUnitReportReporter -->
<testsuite hostname="ucreate-65-PC" failures="0" tests="4" name="Maven.JobToScheduleFilter" time="0.000" errors="0" timestamp="30 May 2019 06:15:53 GMT" skipped="4">
  <testcase classname="Maven.JobToScheduleFilter" name="Unallocatedjobs" time="0.000">
    <skipped/>
  </testcase> <!-- Unallocatedjobs -->
  <testcase classname="Maven.JobToScheduleFilter" name="WaitingToStart" time="0.000">
    <skipped/>
  </testcase> <!-- WaitingToStart -->
  <testcase classname="Maven.JobToScheduleFilter" name="expiredfilter" time="0.000">
    <skipped/>
  </testcase> <!-- expiredfilter -->
  <testcase classname="Maven.JobToScheduleFilter" name="Applications" time="0.000">
    <skipped/>
  </testcase> <!-- Applications -->
</testsuite> <!-- Maven.JobToScheduleFilter -->
