<?xml version="1.0" encoding="UTF-8"?>
<!-- Generated by org.testng.reporters.JUnitReportReporter -->
<testsuite hostname="ucreate-65-PC" failures="0" tests="13" name="Maven.Dashboard" time="48.900" errors="0" timestamp="28 May 2019 12:17:31 GMT" skipped="0">
  <testcase classname="Maven.Dashboard" name="jobaschedulelink" time="0.390"/>
  <testcase classname="Maven.Dashboard" name="Jobstoreview" time="0.336"/>
  <testcase classname="Maven.Dashboard" name="jobstoreviewlink" time="0.366"/>
  <testcase classname="Maven.Dashboard" name="Drivermanagementlink" time="0.308"/>
  <testcase classname="Maven.Dashboard" name="NOtificationicon" time="0.288"/>
  <testcase classname="Maven.Dashboard" name="profilelinkicon" time="0.315"/>
  <testcase classname="Maven.Dashboard" name="Profilelinkname" time="0.257"/>
  <testcase classname="Maven.Dashboard" name="Profilelinktext" time="0.307"/>
  <testcase classname="Maven.Dashboard" name="Settingstext" time="0.379"/>
  <testcase classname="Maven.Dashboard" name="OnTimeCount" time="2.319"/>
  <testcase classname="Maven.Dashboard" name="WaitingToStartCount" time="16.463"/>
  <testcase classname="Maven.Dashboard" name="NotYetAllocatedCount" time="15.786"/>
  <testcase classname="Maven.Dashboard" name="RunningLateCount" time="11.386"/>
</testsuite> <!-- Maven.Dashboard -->
