<?xml version="1.0" encoding="UTF-8"?>
<!-- Generated by org.testng.reporters.JUnitReportReporter -->
<testsuite hostname="ucreate-65-PC" failures="0" tests="4" name="Maven.JobToScheduleFilter" time="228.510" errors="0" timestamp="11 Jun 2019 11:56:16 GMT" skipped="0">
  <testcase classname="Maven.JobToScheduleFilter" name="Unallocatedjobs" time="24.911"/>
  <testcase classname="Maven.JobToScheduleFilter" name="WaitingToStart" time="8.546"/>
  <testcase classname="Maven.JobToScheduleFilter" name="expiredfilter" time="179.690"/>
  <testcase classname="Maven.JobToScheduleFilter" name="Applications" time="15.363"/>
</testsuite> <!-- Maven.JobToScheduleFilter -->
