<?xml version="1.0" encoding="UTF-8"?>
<!-- Generated by org.testng.reporters.JUnitReportReporter -->
<testsuite hostname="ucreate-65-PC" failures="0" tests="3" name="Maven.Rateupdate" time="0.000" errors="0" timestamp="30 May 2019 06:15:53 GMT" skipped="3">
  <testcase classname="Maven.Rateupdate" name="blankLTDrate" time="0.000">
    <skipped/>
  </testcase> <!-- blankLTDrate -->
  <testcase classname="Maven.Rateupdate" name="blank1LTDrate" time="0.000">
    <skipped/>
  </testcase> <!-- blank1LTDrate -->
  <testcase classname="Maven.Rateupdate" name="blank11LTDrate" time="0.000">
    <skipped/>
  </testcase> <!-- blank11LTDrate -->
</testsuite> <!-- Maven.Rateupdate -->
