<?xml version="1.0" encoding="UTF-8"?>
<!-- Generated by org.testng.reporters.JUnitReportReporter -->
<testsuite hostname="ucreate-65-PC" failures="0" tests="6" name="Maven.HCcreate" time="0.000" errors="0" timestamp="30 May 2019 06:15:53 GMT" skipped="6">
  <testcase classname="Maven.HCcreate" name="hcwithblankdetails" time="0.000">
    <skipped/>
  </testcase> <!-- hcwithblankdetails -->
  <testcase classname="Maven.HCcreate" name="hcwithinvalidpostcode" time="0.000">
    <skipped/>
  </testcase> <!-- hcwithinvalidpostcode -->
  <testcase classname="Maven.HCcreate" name="hcwithinvalidemail" time="0.000">
    <skipped/>
  </testcase> <!-- hcwithinvalidemail -->
  <testcase classname="Maven.HCcreate" name="hcwithexistingemail" time="0.000">
    <skipped/>
  </testcase> <!-- hcwithexistingemail -->
  <testcase classname="Maven.HCcreate" name="hcwithinvalidurl" time="0.000">
    <skipped/>
  </testcase> <!-- hcwithinvalidurl -->
  <testcase classname="Maven.HCcreate" name="hcwithvaliddetails" time="0.000">
    <skipped/>
  </testcase> <!-- hcwithvaliddetails -->
</testsuite> <!-- Maven.HCcreate -->
