<?xml version="1.0" encoding="UTF-8"?>
<!-- Generated by org.testng.reporters.JUnitReportReporter -->
<testsuite hostname="ucreate-65-PC" failures="0" tests="5" name="Maven.Createjob" time="0.000" errors="0" timestamp="30 May 2019 06:15:53 GMT" skipped="5">
  <testcase classname="Maven.Createjob" name="hcwithvaliddetails" time="0.000">
    <skipped/>
  </testcase> <!-- hcwithvaliddetails -->
  <testcase classname="Maven.Createjob" name="nextbuttondisable" time="0.000">
    <skipped/>
  </testcase> <!-- nextbuttondisable -->
  <testcase classname="Maven.Createjob" name="nextbuttondisableandbackbuttonenable" time="0.000">
    <skipped/>
  </testcase> <!-- nextbuttondisableandbackbuttonenable -->
  <testcase classname="Maven.Createjob" name="nextbuttondisableasndbackbuttonenable" time="0.000">
    <skipped/>
  </testcase> <!-- nextbuttondisableasndbackbuttonenable -->
  <testcase classname="Maven.Createjob" name="nextbuttonenable" time="0.000">
    <skipped/>
  </testcase> <!-- nextbuttonenable -->
</testsuite> <!-- Maven.Createjob -->
