<?xml version="1.0" encoding="UTF-8"?>
<!-- Generated by org.testng.reporters.JUnitReportReporter -->
<testsuite hostname="ucreate-65-PC" failures="0" tests="5" name="Maven.Driverinvite" time="0.000" errors="0" timestamp="30 May 2019 06:15:53 GMT" skipped="5">
  <testcase classname="Maven.Driverinvite" name="createjobwithvaliddetails" time="0.000">
    <skipped/>
  </testcase> <!-- createjobwithvaliddetails -->
  <testcase classname="Maven.Driverinvite" name="drivervalidemail1" time="0.000">
    <skipped/>
  </testcase> <!-- drivervalidemail1 -->
  <testcase classname="Maven.Driverinvite" name="drivervalidemail" time="0.000">
    <skipped/>
  </testcase> <!-- drivervalidemail -->
  <testcase classname="Maven.Driverinvite" name="drivervalidemail3" time="0.000">
    <skipped/>
  </testcase> <!-- drivervalidemail3 -->
  <testcase classname="Maven.Driverinvite" name="drivervalidiemail" time="0.000">
    <skipped/>
  </testcase> <!-- drivervalidiemail -->
</testsuite> <!-- Maven.Driverinvite -->
