<?xml version="1.0" encoding="UTF-8"?>
<!-- Generated by org.testng.reporters.JUnitReportReporter -->
<testsuite hostname="ucreate-65-PC" failures="0" tests="6" name="Maven.Login" time="5.619" errors="0" timestamp="11 Jun 2019 11:56:16 GMT" skipped="0">
  <testcase classname="Maven.Login" name="testwithvalidpassword" time="0.192"/>
  <testcase classname="Maven.Login" name="testwithvalidemail" time="0.181"/>
  <testcase classname="Maven.Login" name="testwithinvaliddetails" time="1.588"/>
  <testcase classname="Maven.Login" name="testwithinvalidemail" time="1.526"/>
  <testcase classname="Maven.Login" name="testwithinvalidpassword" time="0.855"/>
  <testcase classname="Maven.Login" name="testwithvaliddetails" time="1.277"/>
</testsuite> <!-- Maven.Login -->
